<?xml version="1.0" encoding="UTF-8"?>
<testng-results skipped="0" failed="0" ignored="0" total="6" passed="6">
  <reporter-output>
  </reporter-output>
  <suite name="Default suite" duration-ms="37127" started-at="2019-11-12T10:59:40Z" finished-at="2019-11-12T11:00:17Z">
    <groups>
    </groups>
    <test name="Default test" duration-ms="37127" started-at="2019-11-12T10:59:40Z" finished-at="2019-11-12T11:00:17Z">
      <class name="com.atmecs.scripts.HeatClinic">
        <test-method status="PASS" signature="intitailizeBrowser()[pri:0, instance:com.atmecs.scripts.HeatClinic@57fffcd7]" name="intitailizeBrowser" is-config="true" duration-ms="6436" started-at="2019-11-12T10:59:40Z" finished-at="2019-11-12T10:59:47Z">
          <reporter-output>
          </reporter-output>
        </test-method> <!-- intitailizeBrowser -->
        <test-method status="PASS" signature="urlqw()[pri:0, instance:com.atmecs.scripts.HeatClinic@57fffcd7]" name="urlqw" is-config="true" duration-ms="5074" started-at="2019-11-12T10:59:47Z" finished-at="2019-11-12T10:59:52Z">
          <reporter-output>
          </reporter-output>
        </test-method> <!-- urlqw -->
        <test-method status="PASS" signature="menuClick(java.lang.String, java.lang.String)[pri:1, instance:com.atmecs.scripts.HeatClinic@57fffcd7]" name="menuClick" duration-ms="4511" started-at="2019-11-12T10:59:53Z" data-provider="indexInput" finished-at="2019-11-12T10:59:57Z">
          <params>
            <param index="0">
              <value>
                <![CDATA[2]]>
              </value>
            </param>
            <param index="1">
              <value>
                <![CDATA[Broadleaf Commerce Demo Store - Heat Clinic - Hot Sauces]]>
              </value>
            </param>
          </params>
          <reporter-output>
          </reporter-output>
        </test-method> <!-- menuClick -->
        <test-method status="PASS" signature="menuClick(java.lang.String, java.lang.String)[pri:1, instance:com.atmecs.scripts.HeatClinic@57fffcd7]" name="menuClick" duration-ms="3675" started-at="2019-11-12T10:59:57Z" data-provider="indexInput" finished-at="2019-11-12T11:00:01Z">
          <params>
            <param index="0">
              <value>
                <![CDATA[3]]>
              </value>
            </param>
            <param index="1">
              <value>
                <![CDATA[Broadleaf Commerce Demo Store - Heat Clinic - Merchandise]]>
              </value>
            </param>
          </params>
          <reporter-output>
          </reporter-output>
        </test-method> <!-- menuClick -->
        <test-method status="PASS" signature="menuClick(java.lang.String, java.lang.String)[pri:1, instance:com.atmecs.scripts.HeatClinic@57fffcd7]" name="menuClick" duration-ms="3530" started-at="2019-11-12T11:00:01Z" data-provider="indexInput" finished-at="2019-11-12T11:00:04Z">
          <params>
            <param index="0">
              <value>
                <![CDATA[4]]>
              </value>
            </param>
            <param index="1">
              <value>
                <![CDATA[Broadleaf Commerce Demo Store - Heat Clinic - Clearance]]>
              </value>
            </param>
          </params>
          <reporter-output>
          </reporter-output>
        </test-method> <!-- menuClick -->
        <test-method status="PASS" signature="menuClick(java.lang.String, java.lang.String)[pri:1, instance:com.atmecs.scripts.HeatClinic@57fffcd7]" name="menuClick" duration-ms="3487" started-at="2019-11-12T11:00:04Z" data-provider="indexInput" finished-at="2019-11-12T11:00:08Z">
          <params>
            <param index="0">
              <value>
                <![CDATA[5]]>
              </value>
            </param>
            <param index="1">
              <value>
                <![CDATA[Broadleaf Commerce Demo Store - Heat Clinic - New to Hot Sauce]]>
              </value>
            </param>
          </params>
          <reporter-output>
          </reporter-output>
        </test-method> <!-- menuClick -->
        <test-method status="PASS" signature="menuClick(java.lang.String, java.lang.String)[pri:1, instance:com.atmecs.scripts.HeatClinic@57fffcd7]" name="menuClick" duration-ms="3544" started-at="2019-11-12T11:00:08Z" data-provider="indexInput" finished-at="2019-11-12T11:00:11Z">
          <params>
            <param index="0">
              <value>
                <![CDATA[6]]>
              </value>
            </param>
            <param index="1">
              <value>
                <![CDATA[Broadleaf Commerce Demo Store - Heat Clinic - FAQ]]>
              </value>
            </param>
          </params>
          <reporter-output>
          </reporter-output>
        </test-method> <!-- menuClick -->
        <test-method status="PASS" signature="menuTravelTest(java.lang.String, java.lang.String, java.lang.String, java.lang.String, java.lang.String, java.lang.String, java.lang.String, java.lang.String, java.lang.String, java.lang.String)[pri:2, instance:com.atmecs.scripts.HeatClinic@57fffcd7]" name="menuTravelTest" duration-ms="5152" started-at="2019-11-12T11:00:11Z" data-provider="logindata" finished-at="2019-11-12T11:00:17Z">
          <params>
            <param index="0">
              <value>
                <![CDATA[Viewing Mens (1 - 3 of 3)]]>
              </value>
            </param>
            <param index="1">
              <value>
                <![CDATA[rishav]]>
              </value>
            </param>
            <param index="2">
              <value>
                <![CDATA[Hawt Like a Habanero Shirt (Men's)]]>
              </value>
            </param>
            <param index="3">
              <value>
                <![CDATA[Shirt Size: M]]>
              </value>
            </param>
            <param index="4">
              <value>
                <![CDATA[Personalized Name: rishav]]>
              </value>
            </param>
            <param index="5">
              <value>
                <![CDATA[Shirt Color: Red]]>
              </value>
            </param>
            <param index="6">
              <value>
                <![CDATA[2]]>
              </value>
            </param>
            <param index="7">
              <value>
                <![CDATA[$29.98]]>
              </value>
            </param>
            <param index="8">
              <value>
                <![CDATA[14.99]]>
              </value>
            </param>
            <param index="9">
              <value>
                <![CDATA[29.98]]>
              </value>
            </param>
          </params>
          <reporter-output>
          </reporter-output>
        </test-method> <!-- menuTravelTest -->
        <test-method status="PASS" signature="end()[pri:0, instance:com.atmecs.scripts.HeatClinic@57fffcd7]" name="end" is-config="true" duration-ms="797" started-at="2019-11-12T11:00:17Z" finished-at="2019-11-12T11:00:17Z">
          <reporter-output>
          </reporter-output>
        </test-method> <!-- end -->
      </class> <!-- com.atmecs.scripts.HeatClinic -->
    </test> <!-- Default test -->
  </suite> <!-- Default suite -->
</testng-results>
