<?xml version="1.0" encoding="UTF-8"?>
<!-- Generated by org.testng.reporters.JUnitXMLReporter -->
<testsuite hostname="ATMECSINLT-033" ignored="0" name="Default test" tests="6" failures="0" timestamp="12 Nov 2019 11:00:17 GMT" time="37.127" errors="0">
  <testcase name="menuClick" time="4.511" classname="com.atmecs.scripts.HeatClinic"/>
  <testcase name="menuClick" time="3.675" classname="com.atmecs.scripts.HeatClinic"/>
  <testcase name="menuClick" time="3.53" classname="com.atmecs.scripts.HeatClinic"/>
  <testcase name="menuClick" time="3.487" classname="com.atmecs.scripts.HeatClinic"/>
  <testcase name="menuClick" time="3.544" classname="com.atmecs.scripts.HeatClinic"/>
  <testcase name="menuTravelTest" time="5.152" classname="com.atmecs.scripts.HeatClinic"/>
</testsuite> <!-- Default test -->
